2025-08-12T15:24:39.572+07:00  INFO 2764 --- [QLSV] [main] com.common.QLSV.QlsvApplicationTests     : Starting QlsvApplicationTests using Java 20.0.2 with PID 2764 (started by tranhuy in D:\project IntelliJ Ultimate\modules-parent\qlsv)
2025-08-12T15:24:39.577+07:00  INFO 2764 --- [QLSV] [main] com.common.QLSV.QlsvApplicationTests     : No active profile set, falling back to 1 default profile: "default"
2025-08-12T15:24:41.255+07:00  INFO 2764 --- [QLSV] [main] .s.d.r.c.RepositoryConfigurationDelegate : Multiple Spring Data modules found, entering strict repository configuration mode
2025-08-12T15:24:41.257+07:00  INFO 2764 --- [QLSV] [main] .s.d.r.c.RepositoryConfigurationDelegate : Bootstrapping Spring Data JPA repositories in DEFAULT mode.
2025-08-12T15:24:41.659+07:00  INFO 2764 --- [QLSV] [main] .s.d.r.c.RepositoryConfigurationDelegate : Finished Spring Data repository scanning in 386 ms. Found 1 JPA repository interface.
2025-08-12T15:24:41.685+07:00  INFO 2764 --- [QLSV] [main] .s.d.r.c.RepositoryConfigurationDelegate : Multiple Spring Data modules found, entering strict repository configuration mode
2025-08-12T15:24:41.686+07:00  INFO 2764 --- [QLSV] [main] .s.d.r.c.RepositoryConfigurationDelegate : Bootstrapping Spring Data Redis repositories in DEFAULT mode.
2025-08-12T15:24:41.707+07:00  INFO 2764 --- [QLSV] [main] .RepositoryConfigurationExtensionSupport : Spring Data Redis - Could not safely identify store assignment for repository candidate interface com.common.QLSV.repositories.StudentRepo; If you want this repository to be a Redis repository, consider annotating your entities with one of these annotations: org.springframework.data.redis.core.RedisHash (preferred), or consider extending one of the following types with your repository: org.springframework.data.keyvalue.repository.KeyValueRepository
2025-08-12T15:24:41.708+07:00  INFO 2764 --- [QLSV] [main] .s.d.r.c.RepositoryConfigurationDelegate : Finished Spring Data repository scanning in 6 ms. Found 0 Redis repository interfaces.
2025-08-12T15:24:42.359+07:00  INFO 2764 --- [QLSV] [main] o.hibernate.jpa.internal.util.LogHelper  : HHH000204: Processing PersistenceUnitInfo [name: default]
2025-08-12T15:24:42.445+07:00  INFO 2764 --- [QLSV] [main] org.hibernate.Version                    : HHH000412: Hibernate ORM core version 6.6.15.Final
2025-08-12T15:24:42.499+07:00  INFO 2764 --- [QLSV] [main] o.h.c.internal.RegionFactoryInitiator    : HHH000026: Second-level cache disabled
2025-08-12T15:24:42.836+07:00  INFO 2764 --- [QLSV] [main] o.s.o.j.p.SpringPersistenceUnitInfo      : No LoadTimeWeaver setup: ignoring JPA class transformer
2025-08-12T15:24:42.865+07:00  WARN 2764 --- [QLSV] [main] com.zaxxer.hikari.HikariConfig           : HikariPool-1 - idleTimeout has been set but has no effect because the pool is operating as a fixed size pool.
2025-08-12T15:24:42.865+07:00  INFO 2764 --- [QLSV] [main] com.zaxxer.hikari.HikariDataSource       : HikariPool-1 - Starting...
2025-08-12T15:24:43.168+07:00  INFO 2764 --- [QLSV] [main] com.zaxxer.hikari.pool.HikariPool        : HikariPool-1 - Added connection com.mysql.cj.jdbc.ConnectionImpl@4bc41565
2025-08-12T15:24:43.171+07:00  INFO 2764 --- [QLSV] [main] com.zaxxer.hikari.HikariDataSource       : HikariPool-1 - Start completed.
2025-08-12T15:24:43.216+07:00  WARN 2764 --- [QLSV] [main] org.hibernate.orm.deprecation            : HHH90000025: MySQL8Dialect does not need to be specified explicitly using 'hibernate.dialect' (remove the property setting and it will be selected by default)
2025-08-12T15:24:43.217+07:00  WARN 2764 --- [QLSV] [main] org.hibernate.orm.deprecation            : HHH90000026: MySQL8Dialect has been deprecated; use org.hibernate.dialect.MySQLDialect instead
2025-08-12T15:24:43.233+07:00  INFO 2764 --- [QLSV] [main] org.hibernate.orm.connections.pooling    : HHH10001005: Database info:
	Database JDBC URL [Connecting through datasource 'HikariDataSource (HikariPool-1)']
	Database driver: undefined/unknown
	Database version: 8.0
	Autocommit mode: undefined/unknown
	Isolation level: undefined/unknown
	Minimum pool size: undefined/unknown
	Maximum pool size: undefined/unknown
2025-08-12T15:24:44.005+07:00  INFO 2764 --- [QLSV] [main] o.h.e.t.j.p.i.JtaPlatformInitiator       : HHH000489: No JTA platform available (set 'hibernate.transaction.jta.platform' to enable JTA platform integration)
2025-08-12T15:24:44.047+07:00  INFO 2764 --- [QLSV] [main] j.LocalContainerEntityManagerFactoryBean : Initialized JPA EntityManagerFactory for persistence unit 'default'
2025-08-12T15:24:44.463+07:00  INFO 2764 --- [QLSV] [main] org.redisson.Version                     : Redisson 3.28.0
2025-08-12T15:24:44.800+07:00  INFO 2764 --- [QLSV] [redisson-netty-1-4] o.redisson.connection.ConnectionsHolder  : 1 connections initialized for 127.0.0.1/127.0.0.1:6379
2025-08-12T15:24:44.887+07:00  INFO 2764 --- [QLSV] [redisson-netty-1-19] o.redisson.connection.ConnectionsHolder  : 24 connections initialized for 127.0.0.1/127.0.0.1:6379
2025-08-12T15:24:45.130+07:00  WARN 2764 --- [QLSV] [main] JpaBaseConfiguration$JpaWebConfiguration : spring.jpa.open-in-view is enabled by default. Therefore, database queries may be performed during view rendering. Explicitly configure spring.jpa.open-in-view to disable this warning
2025-08-12T15:24:45.467+07:00  WARN 2764 --- [QLSV] [main] ion$DefaultTemplateResolverConfiguration : Cannot find template location: classpath:/templates/ (please add some templates, check your Thymeleaf configuration, or set spring.thymeleaf.check-template-location=false)
2025-08-12T15:24:46.071+07:00  INFO 2764 --- [QLSV] [main] o.s.b.a.e.web.EndpointLinksResolver      : Exposing 1 endpoint beneath base path '/actuator'
2025-08-12T15:24:46.154+07:00  INFO 2764 --- [QLSV] [main] com.common.QLSV.QlsvApplicationTests     : Started QlsvApplicationTests in 6.937 seconds (process running for 7.843)
2025-08-12T15:24:46.601+07:00  INFO 2764 --- [QLSV] [SpringApplicationShutdownHook] j.LocalContainerEntityManagerFactoryBean : Closing JPA EntityManagerFactory for persistence unit 'default'
2025-08-12T15:24:46.603+07:00  INFO 2764 --- [QLSV] [SpringApplicationShutdownHook] com.zaxxer.hikari.HikariDataSource       : HikariPool-1 - Shutdown initiated...
2025-08-12T15:24:46.614+07:00  INFO 2764 --- [QLSV] [SpringApplicationShutdownHook] com.zaxxer.hikari.HikariDataSource       : HikariPool-1 - Shutdown completed.
