2025-08-12T15:24:53.485+07:00  INFO 19416 --- [QLGV] [main] com.common.QLGV.QlgvApplicationTests     : Starting QlgvApplicationTests using Java 20.0.2 with PID 19416 (started by tranhuy in D:\project IntelliJ Ultimate\modules-parent\qlgv)
2025-08-12T15:24:53.491+07:00  INFO 19416 --- [QLGV] [main] com.common.QLGV.QlgvApplicationTests     : No active profile set, falling back to 1 default profile: "default"
2025-08-12T15:24:55.191+07:00  INFO 19416 --- [QLGV] [main] .s.d.r.c.RepositoryConfigurationDelegate : Multiple Spring Data modules found, entering strict repository configuration mode
2025-08-12T15:24:55.194+07:00  INFO 19416 --- [QLGV] [main] .s.d.r.c.RepositoryConfigurationDelegate : Bootstrapping Spring Data JPA repositories in DEFAULT mode.
2025-08-12T15:24:55.628+07:00  INFO 19416 --- [QLGV] [main] .s.d.r.c.RepositoryConfigurationDelegate : Finished Spring Data repository scanning in 420 ms. Found 1 JPA repository interface.
2025-08-12T15:24:55.673+07:00  INFO 19416 --- [QLGV] [main] .s.d.r.c.RepositoryConfigurationDelegate : Multiple Spring Data modules found, entering strict repository configuration mode
2025-08-12T15:24:55.677+07:00  INFO 19416 --- [QLGV] [main] .s.d.r.c.RepositoryConfigurationDelegate : Bootstrapping Spring Data Redis repositories in DEFAULT mode.
2025-08-12T15:24:55.709+07:00  INFO 19416 --- [QLGV] [main] .RepositoryConfigurationExtensionSupport : Spring Data Redis - Could not safely identify store assignment for repository candidate interface com.common.QLGV.repositories.TeacherRepo; If you want this repository to be a Redis repository, consider annotating your entities with one of these annotations: org.springframework.data.redis.core.RedisHash (preferred), or consider extending one of the following types with your repository: org.springframework.data.keyvalue.repository.KeyValueRepository
2025-08-12T15:24:55.710+07:00  INFO 19416 --- [QLGV] [main] .s.d.r.c.RepositoryConfigurationDelegate : Finished Spring Data repository scanning in 11 ms. Found 0 Redis repository interfaces.
2025-08-12T15:24:57.697+07:00  INFO 19416 --- [QLGV] [main] o.hibernate.jpa.internal.util.LogHelper  : HHH000204: Processing PersistenceUnitInfo [name: default]
2025-08-12T15:24:57.810+07:00  INFO 19416 --- [QLGV] [main] org.hibernate.Version                    : HHH000412: Hibernate ORM core version 6.6.15.Final
2025-08-12T15:24:57.874+07:00  INFO 19416 --- [QLGV] [main] o.h.c.internal.RegionFactoryInitiator    : HHH000026: Second-level cache disabled
2025-08-12T15:24:58.401+07:00  INFO 19416 --- [QLGV] [main] o.s.o.j.p.SpringPersistenceUnitInfo      : No LoadTimeWeaver setup: ignoring JPA class transformer
2025-08-12T15:24:58.441+07:00  WARN 19416 --- [QLGV] [main] com.zaxxer.hikari.HikariConfig           : HikariPool-1 - idleTimeout has been set but has no effect because the pool is operating as a fixed size pool.
2025-08-12T15:24:58.441+07:00  INFO 19416 --- [QLGV] [main] com.zaxxer.hikari.HikariDataSource       : HikariPool-1 - Starting...
2025-08-12T15:24:59.015+07:00  INFO 19416 --- [QLGV] [main] com.zaxxer.hikari.pool.HikariPool        : HikariPool-1 - Added connection com.mysql.cj.jdbc.ConnectionImpl@3465edf9
2025-08-12T15:24:59.019+07:00  INFO 19416 --- [QLGV] [main] com.zaxxer.hikari.HikariDataSource       : HikariPool-1 - Start completed.
2025-08-12T15:24:59.117+07:00  WARN 19416 --- [QLGV] [main] org.hibernate.orm.deprecation            : HHH90000025: MySQL8Dialect does not need to be specified explicitly using 'hibernate.dialect' (remove the property setting and it will be selected by default)
2025-08-12T15:24:59.119+07:00  WARN 19416 --- [QLGV] [main] org.hibernate.orm.deprecation            : HHH90000026: MySQL8Dialect has been deprecated; use org.hibernate.dialect.MySQLDialect instead
2025-08-12T15:24:59.162+07:00  INFO 19416 --- [QLGV] [main] org.hibernate.orm.connections.pooling    : HHH10001005: Database info:
	Database JDBC URL [Connecting through datasource 'HikariDataSource (HikariPool-1)']
	Database driver: undefined/unknown
	Database version: 8.0
	Autocommit mode: undefined/unknown
	Isolation level: undefined/unknown
	Minimum pool size: undefined/unknown
	Maximum pool size: undefined/unknown
2025-08-12T15:25:00.927+07:00  INFO 19416 --- [QLGV] [main] o.h.e.t.j.p.i.JtaPlatformInitiator       : HHH000489: No JTA platform available (set 'hibernate.transaction.jta.platform' to enable JTA platform integration)
2025-08-12T15:25:00.987+07:00  INFO 19416 --- [QLGV] [main] j.LocalContainerEntityManagerFactoryBean : Initialized JPA EntityManagerFactory for persistence unit 'default'
2025-08-12T15:25:01.088+07:00  INFO 19416 --- [QLGV] [main] org.redisson.Version                     : Redisson 3.28.0
2025-08-12T15:25:01.377+07:00  INFO 19416 --- [QLGV] [redisson-netty-1-4] o.redisson.connection.ConnectionsHolder  : 1 connections initialized for 127.0.0.1/127.0.0.1:6379
2025-08-12T15:25:01.464+07:00  INFO 19416 --- [QLGV] [redisson-netty-1-19] o.redisson.connection.ConnectionsHolder  : 24 connections initialized for 127.0.0.1/127.0.0.1:6379
2025-08-12T15:25:02.079+07:00  WARN 19416 --- [QLGV] [main] JpaBaseConfiguration$JpaWebConfiguration : spring.jpa.open-in-view is enabled by default. Therefore, database queries may be performed during view rendering. Explicitly configure spring.jpa.open-in-view to disable this warning
2025-08-12T15:25:02.511+07:00  WARN 19416 --- [QLGV] [main] ion$DefaultTemplateResolverConfiguration : Cannot find template location: classpath:/templates/ (please add some templates, check your Thymeleaf configuration, or set spring.thymeleaf.check-template-location=false)
2025-08-12T15:25:03.164+07:00  INFO 19416 --- [QLGV] [main] o.s.b.a.e.web.EndpointLinksResolver      : Exposing 1 endpoint beneath base path '/actuator'
2025-08-12T15:25:03.276+07:00  INFO 19416 --- [QLGV] [main] com.common.QLGV.QlgvApplicationTests     : Started QlgvApplicationTests in 10.128 seconds (process running for 10.937)
2025-08-12T15:25:03.740+07:00  INFO 19416 --- [QLGV] [SpringApplicationShutdownHook] j.LocalContainerEntityManagerFactoryBean : Closing JPA EntityManagerFactory for persistence unit 'default'
2025-08-12T15:25:03.742+07:00  INFO 19416 --- [QLGV] [SpringApplicationShutdownHook] com.zaxxer.hikari.HikariDataSource       : HikariPool-1 - Shutdown initiated...
2025-08-12T15:25:03.748+07:00  INFO 19416 --- [QLGV] [SpringApplicationShutdownHook] com.zaxxer.hikari.HikariDataSource       : HikariPool-1 - Shutdown completed.
